<?xml version="1.0" encoding="UTF-8"?>
<testsuite name="employee.EmployeeAppTest" tests="1" skipped="0" failures="0" errors="0" timestamp="2020-05-14T15:42:53" hostname="SC0847" time="0.001">
  <properties/>
  <testcase name="testData" classname="employee.EmployeeAppTest" time="0.001"/>
  <system-out><![CDATA[]]></system-out>
  <system-err><![CDATA[]]></system-err>
</testsuite>
